<?xml version="1.0" encoding="UTF-8"?>
<!-- Generated by org.testng.reporters.JUnitXMLReporter -->
<testsuite ignored="0" hostname="sanjay" failures="0" tests="3" name="Default test" time="71.248" errors="0" timestamp="07 Apr 2019 10:06:55 GMT">
  <testcase classname="fernsNPetals.datadrivenTCs.ValidAddressForm" name="addressform" time="7.854"/>
  <testcase classname="fernsNPetals.datadrivenTCs.ValidAddressForm" name="addressform" time="7.628"/>
  <testcase classname="fernsNPetals.datadrivenTCs.ValidAddressForm" name="addressform" time="7.7"/>
</testsuite> <!-- Default test -->
