<?xml version="1.0" encoding="UTF-8"?>
<!-- Generated by org.testng.reporters.JUnitXMLReporter -->
<testsuite ignored="0" hostname="sanjay" failures="0" tests="4" name="Test" time="130.227" errors="0" timestamp="08 Jun 2019 18:39:05 GMT">
  <testcase classname="fernsNPetals.TestSuites.All_filters_in_category_page_TestSuite" name="All_filters_in_category_pageTC_01" time="6.042"/>
  <testcase classname="fernsNPetals.TestSuites.All_filters_in_category_page_TestSuite" name="All_filters_in_category_pageTC_02" time="6.189"/>
  <testcase classname="fernsNPetals.TestSuites.All_filters_in_category_page_TestSuite" name="All_filters_in_category_pageTC_03" time="44.462"/>
  <testcase classname="fernsNPetals.TestSuites.All_filters_in_category_page_TestSuite" name="All_filters_in_category_pageTC_04" time="63.388"/>
</testsuite> <!-- Test -->
