<?xml version="1.0" encoding="UTF-8"?>
<!-- Generated by org.testng.reporters.JUnitXMLReporter -->
<testsuite ignored="0" hostname="sanjay" failures="0" tests="1" name="Test" time="0.063" errors="0" timestamp="06 Apr 2019 14:46:22 GMT">
  <testcase classname="fernsNPetals.PositiveTCs.functionalPositiveFlow" name="@BeforeMethod setUp" time="0.016">
    <failure type="java.lang.NullPointerException">
      <![CDATA[java.lang.NullPointerException
	at java.base/java.util.concurrent.ConcurrentHashMap.putVal(ConcurrentHashMap.java:1011)
	at java.base/java.util.concurrent.ConcurrentHashMap.put(ConcurrentHashMap.java:1006)
	at java.base/java.util.Properties.put(Properties.java:1316)
	at java.base/java.util.Properties.setProperty(Properties.java:225)
	at java.base/java.lang.System.setProperty(System.java:892)
	at fernsNPetals.base.TestBase.initialization(TestBase.java:44)
	at fernsNPetals.PositiveTCs.functionalPositiveFlow.setUp(functionalPositiveFlow.java:31)
... Removed 27 stack frames]]>
    </failure>
  </testcase> <!-- @BeforeMethod setUp -->
  <testcase classname="fernsNPetals.PositiveTCs.functionalPositiveFlow" name="positiveFlow" time="0.0">
    <skipped/>
  </testcase> <!-- positiveFlow -->
</testsuite> <!-- Test -->
